<?xml version="1.0" encoding="UTF-8"?>
<!-- Generated by org.testng.reporters.JUnitReportReporter -->
<testsuite hostname="LAPTOP-GOBJ9BB5" failures="0" tests="5" name="Login.LoginTestcases$utils" time="39.745" errors="0" timestamp="2024-10-16T18:56:16 IST" skipped="0">
  <testcase classname="Login.LoginTestcases$utils" name="correctup" time="20.135"/>
  <system-out/>
  <testcase classname="Login.LoginTestcases$utils" name="correctup" time="6.854"/>
  <system-out/>
  <testcase classname="Login.LoginTestcases$utils" name="correctup" time="3.259"/>
  <system-out/>
  <testcase classname="Login.LoginTestcases$utils" name="correctup" time="4.056"/>
  <system-out/>
  <testcase classname="Login.LoginTestcases$utils" name="correctup" time="5.441"/>
  <system-out/>
</testsuite> <!-- Login.LoginTestcases$utils -->
