<?xml version="1.0" encoding="UTF-8"?>
<!-- Generated by org.testng.reporters.JUnitReportReporter -->
<testsuite hostname="LAPTOP-GOBJ9BB5" failures="0" tests="1" name="Login.CorrectUsernameWrongPassword" time="3.955" errors="0" timestamp="2024-10-14T18:34:27 IST" skipped="0">
  <testcase classname="Login.CorrectUsernameWrongPassword" name="correctuWrop" time="3.955"/>
  <system-out/>
</testsuite> <!-- Login.CorrectUsernameWrongPassword -->
