<?xml version="1.0" encoding="UTF-8"?>
<!-- Generated by org.testng.reporters.JUnitReportReporter -->
<testsuite hostname="LAPTOP-GOBJ9BB5" failures="0" tests="1" name="Login.WrongusernameCorrectPassword" time="3.859" errors="0" timestamp="2024-10-14T18:34:27 IST" skipped="0">
  <testcase classname="Login.WrongusernameCorrectPassword" name="WrongusercorrectPass" time="3.859"/>
  <system-out/>
</testsuite> <!-- Login.WrongusernameCorrectPassword -->
