<?xml version="1.0" encoding="UTF-8"?>
<!-- Generated by org.testng.reporters.JUnitReportReporter -->
<testsuite hostname="LAPTOP-GOBJ9BB5" failures="0" tests="1" name="Login.WrongUsernamePassword" time="4.142" errors="0" timestamp="2024-10-14T18:18:38 IST" skipped="0">
  <testcase classname="Login.WrongUsernamePassword" name="wrongup" time="4.142"/>
  <system-out/>
</testsuite> <!-- Login.WrongUsernamePassword -->
