<?xml version="1.0" encoding="UTF-8"?>
<!-- Generated by org.testng.reporters.JUnitReportReporter -->
<testsuite hostname="LAPTOP-GOBJ9BB5" failures="0" tests="3" name="one12.Groupingxml" time="0.007" errors="0" timestamp="2024-09-30T16:24:16 IST" skipped="0">
  <testcase classname="one12.Groupingxml" name="Login" time="0.006"/>
  <system-out/>
  <testcase classname="one12.Groupingxml" name="Payment" time="0.001"/>
  <system-out/>
  <testcase classname="one12.Groupingxml" name="signup" time="0.000"/>
  <system-out/>
</testsuite> <!-- one12.Groupingxml -->
