<?xml version="1.0" encoding="UTF-8"?>
<!-- Generated by org.testng.reporters.JUnitReportReporter -->
<testsuite hostname="LAPTOP-GOBJ9BB5" failures="0" tests="1" name="Annotations.Assertion" time="0.007" errors="0" timestamp="2024-10-07T16:58:12 IST" skipped="0">
  <testcase classname="Annotations.Assertion" name="display" time="0.007"/>
  <system-out/>
</testsuite> <!-- Annotations.Assertion -->
