<?xml version="1.0" encoding="UTF-8"?>
<!-- Generated by org.testng.reporters.JUnitReportReporter -->
<testsuite hostname="LAPTOP-GOBJ9BB5" failures="0" tests="3" name="newone.demo12" time="10.191" errors="0" timestamp="2024-10-05T16:37:42 IST" skipped="0">
  <testcase classname="newone.demo12" name="display" time="2.991"/>
  <system-out/>
  <testcase classname="newone.demo12" name="display" time="3.412"/>
  <system-out/>
  <testcase classname="newone.demo12" name="display" time="3.788"/>
  <system-out/>
</testsuite> <!-- newone.demo12 -->
