<?xml version="1.0" encoding="UTF-8"?>
<!-- Generated by org.testng.reporters.JUnitReportReporter -->
<testsuite hostname="LAPTOP-GOBJ9BB5" failures="0" tests="1" name="one12.Drtech" time="7.761" errors="0" timestamp="2024-09-27T11:56:30 IST" skipped="0">
  <testcase classname="one12.Drtech" name="Drtech" time="7.761"/>
  <system-out/>
</testsuite> <!-- one12.Drtech -->
