<?xml version="1.0" encoding="UTF-8"?>
<!-- Generated by org.testng.reporters.JUnitReportReporter -->
<testsuite hostname="LAPTOP-GOBJ9BB5" failures="0" tests="1" name="one12.Bsmart1" time="3.827" errors="0" timestamp="2024-10-07T17:50:33 IST" skipped="0">
  <testcase classname="one12.Bsmart1" name="Bsmart" time="3.827"/>
  <system-out/>
</testsuite> <!-- one12.Bsmart1 -->
