<?xml version="1.0" encoding="UTF-8"?>
<!-- Generated by org.testng.reporters.JUnitReportReporter -->
<testsuite hostname="LAPTOP-GOBJ9BB5" failures="0" tests="3" name="one12.Booking" time="0.010" errors="0" timestamp="2024-09-27T12:56:39 IST" skipped="0">
  <testcase classname="one12.Booking" name="Login" time="0.008"/>
  <system-out/>
  <testcase classname="one12.Booking" name="Purchase" time="0.001"/>
  <system-out/>
  <testcase classname="one12.Booking" name="signup" time="0.001"/>
  <system-out/>
</testsuite> <!-- one12.Booking -->
