<?xml version="1.0" encoding="UTF-8"?>
<!-- Generated by org.testng.reporters.JUnitReportReporter -->
<testsuite hostname="LAPTOP-GOBJ9BB5" failures="0" tests="1" name="Exceldatafetch.ExcelUtils$BsmartDataProvide" time="3.050" errors="0" timestamp="2024-10-08T12:21:44 IST" skipped="0">
  <testcase classname="Exceldatafetch.ExcelUtils$BsmartDataProvide" name="demo1" time="3.050"/>
  <system-out/>
</testsuite> <!-- Exceldatafetch.ExcelUtils$BsmartDataProvide -->
