<?xml version="1.0" encoding="UTF-8"?>
<!-- Generated by org.testng.reporters.JUnitReportReporter -->
<testsuite hostname="LAPTOP-GOBJ9BB5" failures="0" tests="2" name="Annotations.AnnotationsList" time="0.007" errors="0" timestamp="2024-10-07T12:34:15 IST" skipped="0">
  <testcase classname="Annotations.AnnotationsList" name="Mytest1" time="0.000"/>
  <system-out/>
  <testcase classname="Annotations.AnnotationsList" name="Mytest" time="0.007"/>
  <system-out/>
</testsuite> <!-- Annotations.AnnotationsList -->
