<?xml version="1.0" encoding="UTF-8"?>
<!-- Generated by org.testng.reporters.JUnitReportReporter -->
<testsuite hostname="LAPTOP-GOBJ9BB5" failures="0" tests="1" name="one12.Demo1" time="0.007" errors="0" timestamp="2024-09-26T15:59:00 IST" skipped="0">
  <testcase classname="one12.Demo1" name="display" time="0.007"/>
  <system-out/>
</testsuite> <!-- one12.Demo1 -->
