<?xml version="1.0" encoding="UTF-8"?>
<!-- Generated by org.testng.reporters.JUnitReportReporter -->
<testsuite hostname="LAPTOP-GOBJ9BB5" failures="0" tests="1" name="PomWithoutFindby.WithoutFindBy" time="4.243" errors="0" timestamp="2024-10-14T12:11:10 IST" skipped="0">
  <testcase classname="PomWithoutFindby.WithoutFindBy" name="land" time="4.243"/>
  <system-out/>
</testsuite> <!-- PomWithoutFindby.WithoutFindBy -->
