<?xml version="1.0" encoding="UTF-8"?>
<!-- Generated by org.testng.reporters.JUnitReportReporter -->
<testsuite hostname="LAPTOP-GOBJ9BB5" failures="0" tests="1" name="org.maincode.LoginFlow" time="5.484" errors="0" timestamp="2024-10-10T12:48:52 IST" skipped="0">
  <testcase classname="org.maincode.LoginFlow" name="display" time="5.484"/>
  <system-out/>
</testsuite> <!-- org.maincode.LoginFlow -->
