<?xml version="1.0" encoding="UTF-8"?>
<!-- Generated by org.testng.reporters.JUnitReportReporter -->
<testsuite hostname="LAPTOP-GOBJ9BB5" failures="0" tests="1" name="org.maincode.UpdateProfileFlow" time="13.862" errors="0" timestamp="2024-10-14T11:12:11 IST" skipped="0">
  <testcase classname="org.maincode.UpdateProfileFlow" name="updateProfile" time="13.862"/>
  <system-out/>
</testsuite> <!-- org.maincode.UpdateProfileFlow -->
